<?xml version="1.0" encoding="UTF-8"?>
<testng-results skipped="0" failed="0" ignored="0" total="1" passed="1">
  <reporter-output>
    <line>
      <![CDATA[# Execution started on Local machine...BROWSER # chrome]]>
    </line>
    <line>
      <![CDATA[# Launching GCE home page.....]]>
    </line>
    <line>
      <![CDATA[# To load fresh page, deleting cookies and refreshing page...]]>
    </line>
    <line>
      <![CDATA[# Fill Contact Details, except subject text]]>
    </line>
    <line>
      <![CDATA[# Value: Other was selected successfully for element]]>
    </line>
    <line>
      <![CDATA[# Submit button clicked]]>
    </line>
    <line>
      <![CDATA[# Actual error message displayed  This field is required.]]>
    </line>
    <line>
      <![CDATA[# Error message verified..]]>
    </line>
    <line>
      <![CDATA[# Execution started on Local machine...BROWSER # chrome]]>
    </line>
    <line>
      <![CDATA[# Launching GCE home page.....]]>
    </line>
    <line>
      <![CDATA[# To load fresh page, deleting cookies and refreshing page...]]>
    </line>
    <line>
      <![CDATA[# Fill Contact Details, except subject text]]>
    </line>
    <line>
      <![CDATA[# Value: Investor Relations was selected successfully for element]]>
    </line>
    <line>
      <![CDATA[# Submit button clicked]]>
    </line>
    <line>
      <![CDATA[# Actual error message displayed  This field is required.]]>
    </line>
    <line>
      <![CDATA[# Error message verified..]]>
    </line>
  </reporter-output>
  <suite name="Test Smoke Suite" duration-ms="47423" started-at="2020-01-23T16:22:08Z" finished-at="2020-01-23T16:22:56Z">
    <groups>
    </groups>
    <test name="GCU UI : Home Page menu Test Cases" duration-ms="47423" started-at="2020-01-23T16:22:08Z" finished-at="2020-01-23T16:22:56Z">
      <class name="com.LMS.Runner.TestRunner">
        <test-method status="PASS" signature="test()[pri:0, instance:com.LMS.Runner.TestRunner@3c153a1]" name="test" is-config="true" duration-ms="590" started-at="2020-01-23T16:22:08Z" finished-at="2020-01-23T16:22:08Z">
          <reporter-output>
          </reporter-output>
        </test-method> <!-- test -->
        <test-method status="PASS" signature="setUpClass()[pri:0, instance:com.LMS.Runner.TestRunner@3c153a1]" name="setUpClass" is-config="true" duration-ms="184" started-at="2020-01-23T16:22:08Z" finished-at="2020-01-23T16:22:09Z">
          <reporter-output>
          </reporter-output>
        </test-method> <!-- setUpClass -->
        <test-method status="PASS" signature="feature(cucumber.api.testng.CucumberFeatureWrapper)[pri:0, instance:com.LMS.Runner.TestRunner@3c153a1]" name="feature" duration-ms="46977" started-at="2020-01-23T16:22:09Z" description="Runs Cucumber Feature" data-provider="features" finished-at="2020-01-23T16:22:56Z">
          <params>
            <param index="0">
              <value>
                <![CDATA[Enter contact details on GCE contact Page]]>
              </value>
            </param>
          </params>
          <reporter-output>
            <line>
              <![CDATA[# Execution started on Local machine...BROWSER # chrome]]>
            </line>
            <line>
              <![CDATA[# Launching GCE home page.....]]>
            </line>
            <line>
              <![CDATA[# To load fresh page, deleting cookies and refreshing page...]]>
            </line>
            <line>
              <![CDATA[# Fill Contact Details, except subject text]]>
            </line>
            <line>
              <![CDATA[# Value: Other was selected successfully for element]]>
            </line>
            <line>
              <![CDATA[# Submit button clicked]]>
            </line>
            <line>
              <![CDATA[# Actual error message displayed  This field is required.]]>
            </line>
            <line>
              <![CDATA[# Error message verified..]]>
            </line>
            <line>
              <![CDATA[# Execution started on Local machine...BROWSER # chrome]]>
            </line>
            <line>
              <![CDATA[# Launching GCE home page.....]]>
            </line>
            <line>
              <![CDATA[# To load fresh page, deleting cookies and refreshing page...]]>
            </line>
            <line>
              <![CDATA[# Fill Contact Details, except subject text]]>
            </line>
            <line>
              <![CDATA[# Value: Investor Relations was selected successfully for element]]>
            </line>
            <line>
              <![CDATA[# Submit button clicked]]>
            </line>
            <line>
              <![CDATA[# Actual error message displayed  This field is required.]]>
            </line>
            <line>
              <![CDATA[# Error message verified..]]>
            </line>
          </reporter-output>
        </test-method> <!-- feature -->
        <test-method status="PASS" signature="tearDownClass()[pri:0, instance:com.LMS.Runner.TestRunner@3c153a1]" name="tearDownClass" is-config="true" duration-ms="180" started-at="2020-01-23T16:22:56Z" finished-at="2020-01-23T16:22:56Z">
          <reporter-output>
          </reporter-output>
        </test-method> <!-- tearDownClass -->
      </class> <!-- com.LMS.Runner.TestRunner -->
    </test> <!-- GCU UI : Home Page menu Test Cases -->
  </suite> <!-- Test Smoke Suite -->
</testng-results>
